<?xml version="1.0" encoding="UTF-8"?>
<!-- Generated by org.testng.reporters.JUnitXMLReporter -->
<testsuite ignored="3" hostname="Anuj" failures="0" tests="1" name="Test" time="41.829" errors="0" timestamp="2022-01-19T09:06:12 IST">
  <testcase classname="organizationTestCasesTestng.CreateOrganizationWithEmailOptTest" name="CreateOrganizationWithEmailOpt" time="20.362"/>
  <testcase classname="genericUitility.BaseClass" name="@BeforeSuite configBs" time="0.0">
    <ignored/>
  </testcase> <!-- @BeforeSuite configBs -->
  <testcase classname="genericUitility.BaseClass" name="@AfterSuite configAs" time="0.0">
    <ignored/>
  </testcase> <!-- @AfterSuite configAs -->
  <testcase classname="organizationTestCasesTestng.CreateOrganizationTest" name="CreateOrganization" time="0.0">
    <ignored/>
  </testcase> <!-- CreateOrganization -->
</testsuite> <!-- Test -->
