<?xml version="1.0" encoding="UTF-8"?>
<testng-results ignored="0" total="1" passed="1" failed="0" skipped="0">
  <reporter-output>
  </reporter-output>
  <suite started-at="2022-01-20T14:41:13 IST" name="Default suite" finished-at="2022-01-20T14:43:24 IST" duration-ms="131290">
    <groups>
      <group name="regression">
        <method signature="CreateOrganizationTest.CreateOrganization()[pri:0, instance:organizationTestCasesTestng.CreateOrganizationTest@bd4dc25]" name="CreateOrganization" class="organizationTestCasesTestng.CreateOrganizationTest"/>
      </group> <!-- regression -->
    </groups>
    <test started-at="2022-01-20T14:41:13 IST" name="Default test" finished-at="2022-01-20T14:43:24 IST" duration-ms="131290">
      <class name="organizationTestCasesTestng.CreateOrganizationTest">
        <test-method is-config="true" signature="configBs()[pri:0, instance:organizationTestCasesTestng.CreateOrganizationTest@bd4dc25]" started-at="2022-01-20T14:41:13 IST" name="configBs" finished-at="2022-01-20T14:41:13 IST" duration-ms="21" status="PASS">
          <reporter-output>
          </reporter-output>
        </test-method> <!-- configBs -->
        <test-method is-config="true" signature="configBc()[pri:0, instance:organizationTestCasesTestng.CreateOrganizationTest@bd4dc25]" started-at="2022-01-20T14:41:13 IST" name="configBc" finished-at="2022-01-20T14:41:47 IST" duration-ms="33974" status="PASS">
          <reporter-output>
          </reporter-output>
        </test-method> <!-- configBc -->
        <test-method is-config="true" signature="configbm()[pri:0, instance:organizationTestCasesTestng.CreateOrganizationTest@bd4dc25]" started-at="2022-01-20T14:41:47 IST" name="configbm" finished-at="2022-01-20T14:42:16 IST" duration-ms="29552" status="PASS">
          <reporter-output>
          </reporter-output>
        </test-method> <!-- configbm -->
        <test-method signature="CreateOrganization()[pri:0, instance:organizationTestCasesTestng.CreateOrganizationTest@bd4dc25]" started-at="2022-01-20T14:42:16 IST" name="CreateOrganization" finished-at="2022-01-20T14:43:17 IST" duration-ms="61172" status="PASS">
          <reporter-output>
          </reporter-output>
        </test-method> <!-- CreateOrganization -->
        <test-method is-config="true" signature="configAm()[pri:0, instance:organizationTestCasesTestng.CreateOrganizationTest@bd4dc25]" started-at="2022-01-20T14:43:17 IST" name="configAm" finished-at="2022-01-20T14:43:22 IST" duration-ms="4974" status="PASS">
          <reporter-output>
          </reporter-output>
        </test-method> <!-- configAm -->
        <test-method is-config="true" signature="configAc()[pri:0, instance:organizationTestCasesTestng.CreateOrganizationTest@bd4dc25]" started-at="2022-01-20T14:43:22 IST" name="configAc" finished-at="2022-01-20T14:43:24 IST" duration-ms="1519" status="PASS">
          <reporter-output>
          </reporter-output>
        </test-method> <!-- configAc -->
        <test-method is-config="true" signature="configAs()[pri:0, instance:organizationTestCasesTestng.CreateOrganizationTest@bd4dc25]" started-at="2022-01-20T14:43:24 IST" name="configAs" finished-at="2022-01-20T14:43:24 IST" duration-ms="1" status="PASS">
          <reporter-output>
          </reporter-output>
        </test-method> <!-- configAs -->
      </class> <!-- organizationTestCasesTestng.CreateOrganizationTest -->
    </test> <!-- Default test -->
  </suite> <!-- Default suite -->
</testng-results>
